c:\users\zareh\documents\github\sfmlgame2\luapluslib\debug\vc120.pdb
c:\users\zareh\documents\github\sfmlgame2\luapluslib\debug\vc120.idb
c:\users\zareh\documents\github\sfmlgame2\luapluslib\debug\luaobject.obj
c:\users\zareh\documents\github\sfmlgame2\luapluslib\debug\luaplus.obj
c:\users\zareh\documents\github\sfmlgame2\luapluslib\debug\luaplusfunctions.obj
c:\users\zareh\documents\github\sfmlgame2\luapluslib\debug\luaplus_libs.obj
c:\users\zareh\documents\github\sfmlgame2\luapluslib\debug\luastate.obj
c:\users\zareh\documents\github\sfmlgame2\luapluslib\debug\luastateoutfile.obj
c:\users\zareh\documents\github\sfmlgame2\luapluslib\debug\luastate_dumpobject.obj
c:\users\zareh\documents\github\sfmlgame2\luapluslib\debug\luatableiterator.obj
c:\users\zareh\documents\github\sfmlgame2\luapluslib\debug\linit.obj
c:\users\zareh\documents\github\sfmlgame2\luapluslib\debug\liolib.obj
c:\users\zareh\documents\github\sfmlgame2\luapluslib\debug\llex.obj
c:\users\zareh\documents\github\sfmlgame2\luapluslib\debug\lmathlib.obj
c:\users\zareh\documents\github\sfmlgame2\luapluslib\debug\lmem.obj
c:\users\zareh\documents\github\sfmlgame2\luapluslib\debug\loadlib.obj
c:\users\zareh\documents\github\sfmlgame2\luapluslib\debug\lobject.obj
c:\users\zareh\documents\github\sfmlgame2\luapluslib\debug\lopcodes.obj
c:\users\zareh\documents\github\sfmlgame2\luapluslib\debug\loslib.obj
c:\users\zareh\documents\github\sfmlgame2\luapluslib\debug\lparser.obj
c:\users\zareh\documents\github\sfmlgame2\luapluslib\debug\lstate.obj
c:\users\zareh\documents\github\sfmlgame2\luapluslib\debug\lstring.obj
c:\users\zareh\documents\github\sfmlgame2\luapluslib\debug\lstrlib.obj
c:\users\zareh\documents\github\sfmlgame2\luapluslib\debug\ltable.obj
c:\users\zareh\documents\github\sfmlgame2\luapluslib\debug\ltablib.obj
c:\users\zareh\documents\github\sfmlgame2\luapluslib\debug\ltm.obj
c:\users\zareh\documents\github\sfmlgame2\luapluslib\debug\lundump.obj
c:\users\zareh\documents\github\sfmlgame2\luapluslib\debug\lvm.obj
c:\users\zareh\documents\github\sfmlgame2\luapluslib\debug\lzio.obj
c:\users\zareh\documents\github\sfmlgame2\luapluslib\debug\print.obj
c:\users\zareh\documents\github\sfmlgame2\luapluslib\debug\luaplusaddons.obj
c:\users\zareh\documents\github\sfmlgame2\luapluslib\debug\lwstrlib.obj
c:\users\zareh\documents\github\sfmlgame2\luapluslib\debug\popen.obj
c:\users\zareh\documents\github\sfmlgame2\luapluslib\debug\lapi.obj
c:\users\zareh\documents\github\sfmlgame2\luapluslib\debug\lauxlib.obj
c:\users\zareh\documents\github\sfmlgame2\luapluslib\debug\lbaselib.obj
c:\users\zareh\documents\github\sfmlgame2\luapluslib\debug\lcode.obj
c:\users\zareh\documents\github\sfmlgame2\luapluslib\debug\ldblib.obj
c:\users\zareh\documents\github\sfmlgame2\luapluslib\debug\ldebug.obj
c:\users\zareh\documents\github\sfmlgame2\luapluslib\debug\ldo.obj
c:\users\zareh\documents\github\sfmlgame2\luapluslib\debug\ldump.obj
c:\users\zareh\documents\github\sfmlgame2\luapluslib\debug\lfunc.obj
c:\users\zareh\documents\github\sfmlgame2\luapluslib\debug\lgc.obj
c:\users\zareh\desktop\aua\paper\papergpu\luapluslib\debug\vc120.pdb
c:\users\zareh\desktop\aua\paper\papergpu\luapluslib\debug\vc120.idb
c:\users\zareh\desktop\aua\paper\papergpu\luapluslib\debug\luaobject.obj
c:\users\zareh\desktop\aua\paper\papergpu\luapluslib\debug\luaplus.obj
c:\users\zareh\desktop\aua\paper\papergpu\luapluslib\debug\luaplusfunctions.obj
c:\users\zareh\desktop\aua\paper\papergpu\luapluslib\debug\luaplus_libs.obj
c:\users\zareh\desktop\aua\paper\papergpu\luapluslib\debug\luastate.obj
c:\users\zareh\desktop\aua\paper\papergpu\luapluslib\debug\luastateoutfile.obj
c:\users\zareh\desktop\aua\paper\papergpu\luapluslib\debug\luastate_dumpobject.obj
c:\users\zareh\desktop\aua\paper\papergpu\luapluslib\debug\luatableiterator.obj
c:\users\zareh\desktop\aua\paper\papergpu\luapluslib\debug\linit.obj
c:\users\zareh\desktop\aua\paper\papergpu\luapluslib\debug\liolib.obj
c:\users\zareh\desktop\aua\paper\papergpu\luapluslib\debug\llex.obj
c:\users\zareh\desktop\aua\paper\papergpu\luapluslib\debug\lmathlib.obj
c:\users\zareh\desktop\aua\paper\papergpu\luapluslib\debug\lmem.obj
c:\users\zareh\desktop\aua\paper\papergpu\luapluslib\debug\loadlib.obj
c:\users\zareh\desktop\aua\paper\papergpu\luapluslib\debug\lobject.obj
c:\users\zareh\desktop\aua\paper\papergpu\luapluslib\debug\lopcodes.obj
c:\users\zareh\desktop\aua\paper\papergpu\luapluslib\debug\loslib.obj
c:\users\zareh\desktop\aua\paper\papergpu\luapluslib\debug\lparser.obj
c:\users\zareh\desktop\aua\paper\papergpu\luapluslib\debug\lstate.obj
c:\users\zareh\desktop\aua\paper\papergpu\luapluslib\debug\lstring.obj
c:\users\zareh\desktop\aua\paper\papergpu\luapluslib\debug\lstrlib.obj
c:\users\zareh\desktop\aua\paper\papergpu\luapluslib\debug\ltable.obj
c:\users\zareh\desktop\aua\paper\papergpu\luapluslib\debug\ltablib.obj
c:\users\zareh\desktop\aua\paper\papergpu\luapluslib\debug\ltm.obj
c:\users\zareh\desktop\aua\paper\papergpu\luapluslib\debug\lundump.obj
c:\users\zareh\desktop\aua\paper\papergpu\luapluslib\debug\lvm.obj
c:\users\zareh\desktop\aua\paper\papergpu\luapluslib\debug\lzio.obj
c:\users\zareh\desktop\aua\paper\papergpu\luapluslib\debug\print.obj
c:\users\zareh\desktop\aua\paper\papergpu\luapluslib\debug\luaplusaddons.obj
c:\users\zareh\desktop\aua\paper\papergpu\luapluslib\debug\lwstrlib.obj
c:\users\zareh\desktop\aua\paper\papergpu\luapluslib\debug\popen.obj
c:\users\zareh\desktop\aua\paper\papergpu\luapluslib\debug\lapi.obj
c:\users\zareh\desktop\aua\paper\papergpu\luapluslib\debug\lauxlib.obj
c:\users\zareh\desktop\aua\paper\papergpu\luapluslib\debug\lbaselib.obj
c:\users\zareh\desktop\aua\paper\papergpu\luapluslib\debug\lcode.obj
c:\users\zareh\desktop\aua\paper\papergpu\luapluslib\debug\ldblib.obj
c:\users\zareh\desktop\aua\paper\papergpu\luapluslib\debug\ldebug.obj
c:\users\zareh\desktop\aua\paper\papergpu\luapluslib\debug\ldo.obj
c:\users\zareh\desktop\aua\paper\papergpu\luapluslib\debug\ldump.obj
c:\users\zareh\desktop\aua\paper\papergpu\luapluslib\debug\lfunc.obj
c:\users\zareh\desktop\aua\paper\papergpu\luapluslib\debug\lgc.obj
c:\users\zareh\documents\github\sfmlgame2\debug\luaplus.lib
c:\users\zareh\desktop\aua\paper\papergpu\debug\luaplus.lib
e:\vc++\1dwave\luapluslib\debug\lapi.obj
e:\vc++\1dwave\luapluslib\debug\lauxlib.obj
e:\vc++\1dwave\luapluslib\debug\lbaselib.obj
e:\vc++\1dwave\luapluslib\debug\lcode.obj
e:\vc++\1dwave\luapluslib\debug\ldblib.obj
e:\vc++\1dwave\luapluslib\debug\ldebug.obj
e:\vc++\1dwave\luapluslib\debug\ldo.obj
e:\vc++\1dwave\luapluslib\debug\ldump.obj
e:\vc++\1dwave\luapluslib\debug\lfunc.obj
e:\vc++\1dwave\luapluslib\debug\lgc.obj
e:\vc++\1dwave\luapluslib\debug\linit.obj
e:\vc++\1dwave\luapluslib\debug\liolib.obj
e:\vc++\1dwave\luapluslib\debug\llex.obj
e:\vc++\1dwave\luapluslib\debug\lmathlib.obj
e:\vc++\1dwave\luapluslib\debug\lmem.obj
e:\vc++\1dwave\luapluslib\debug\loadlib.obj
e:\vc++\1dwave\luapluslib\debug\lobject.obj
e:\vc++\1dwave\luapluslib\debug\lopcodes.obj
e:\vc++\1dwave\luapluslib\debug\loslib.obj
e:\vc++\1dwave\luapluslib\debug\lparser.obj
e:\vc++\1dwave\luapluslib\debug\lstate.obj
e:\vc++\1dwave\luapluslib\debug\lstring.obj
e:\vc++\1dwave\luapluslib\debug\lstrlib.obj
e:\vc++\1dwave\luapluslib\debug\ltable.obj
e:\vc++\1dwave\luapluslib\debug\ltablib.obj
e:\vc++\1dwave\luapluslib\debug\ltm.obj
e:\vc++\1dwave\luapluslib\debug\luaobject.obj
e:\vc++\1dwave\luapluslib\debug\luaplus.obj
e:\vc++\1dwave\luapluslib\debug\luaplusaddons.obj
e:\vc++\1dwave\luapluslib\debug\luaplusfunctions.obj
e:\vc++\1dwave\luapluslib\debug\luaplus_libs.obj
e:\vc++\1dwave\luapluslib\debug\luastate.obj
e:\vc++\1dwave\luapluslib\debug\luastateoutfile.obj
e:\vc++\1dwave\luapluslib\debug\luastate_dumpobject.obj
e:\vc++\1dwave\luapluslib\debug\luatableiterator.obj
e:\vc++\1dwave\luapluslib\debug\lundump.obj
e:\vc++\1dwave\luapluslib\debug\lvm.obj
e:\vc++\1dwave\luapluslib\debug\lwstrlib.obj
e:\vc++\1dwave\luapluslib\debug\lzio.obj
e:\vc++\1dwave\luapluslib\debug\popen.obj
e:\vc++\1dwave\luapluslib\debug\print.obj
e:\vc++\1dwave\luapluslib\debug\vc120.idb
e:\vc++\1dwave\luapluslib\debug\vc120.pdb
e:\vc++\1dwave\luapluslib\debug\luapluslib.tlog\cl.command.1.tlog
e:\vc++\1dwave\luapluslib\debug\luapluslib.tlog\cl.read.1.tlog
e:\vc++\1dwave\luapluslib\debug\luapluslib.tlog\cl.write.1.tlog
e:\vc++\1dwave\luapluslib\debug\luapluslib.tlog\lib-link.read.1.tlog
e:\vc++\1dwave\luapluslib\debug\luapluslib.tlog\lib-link.write.1.tlog
e:\vc++\1dwave\luapluslib\debug\luapluslib.tlog\lib.command.1.tlog
