e:\vc++\1dwave\1dwave\debug\vc120.pdb
e:\vc++\1dwave\1dwave\debug\mainwindow.obj
e:\vc++\1dwave\1dwave\debug\main.obj
e:\vc++\1dwave\1dwave\debug\moc_mainwindow.obj
e:\vc++\1dwave\1dwave\debug\qrc_mainwindow.obj
e:\vc++\1dwave\1dwave\generatedfiles\debug\moc_mainwindow.cpp
e:\vc++\1dwave\1dwave\generatedfiles\ui_mainwindow.h
e:\vc++\1dwave\1dwave\generatedfiles\qrc_mainwindow.cpp
e:\vc++\1dwave\win32\debug\1dwave.ilk
e:\vc++\1dwave\win32\debug\1dwave.exe
e:\vc++\1dwave\win32\debug\1dwave.pdb
e:\vc++\1dwave\1dwave\debug\1dwave.tlog\cl.command.1.tlog
e:\vc++\1dwave\1dwave\debug\1dwave.tlog\cl.read.1.tlog
e:\vc++\1dwave\1dwave\debug\1dwave.tlog\cl.write.1.tlog
e:\vc++\1dwave\1dwave\debug\1dwave.tlog\custombuild.command.1.tlog
e:\vc++\1dwave\1dwave\debug\1dwave.tlog\custombuild.read.1.tlog
e:\vc++\1dwave\1dwave\debug\1dwave.tlog\custombuild.write.1.tlog
e:\vc++\1dwave\1dwave\debug\1dwave.tlog\link.command.1.tlog
e:\vc++\1dwave\1dwave\debug\1dwave.tlog\link.read.1.tlog
e:\vc++\1dwave\1dwave\debug\1dwave.tlog\link.write.1.tlog
